{"level":"info","message":"Server is running on port 5321","service":"user-service"}
{"level":"info","message":"Server is running on port 5321","service":"user-service"}
{"level":"info","message":"Server is running on port 5321","service":"user-service"}
{"level":"info","message":"Database connection established","service":"user-service"}
{"level":"info","message":"/api/user/login","service":"user-service"}
{"level":"info","message":"CORS error handled","service":"user-service"}
{"level":"info","message":"/api/user/login","service":"user-service"}
{"level":"info","message":"CORS error handled","service":"user-service"}
{"code":203,"level":"error","service":"user-service"}
{"level":"info","message":"Server is running on port 5321","service":"user-service"}
{"level":"info","message":"Database connection established","service":"user-service"}
{"level":"info","message":"Server is running on port 5321","service":"user-service"}
{"level":"info","message":"Database connection established","service":"user-service"}
{"level":"info","message":"Server is running on port 5321","service":"user-service"}
{"level":"info","message":"Database connection established","service":"user-service"}
{"level":"info","message":"Server is running on port 5321","service":"user-service"}
{"level":"info","message":"Server is running on port 5321","service":"user-service"}
{"level":"info","message":"Database connection established","service":"user-service"}
{"level":"info","message":"Server is running on port 5321","service":"user-service"}
{"level":"info","message":"Database connection established","service":"user-service"}
{"level":"info","message":"Server is running on port 5321","service":"user-service"}
{"level":"info","message":"Database connection established","service":"user-service"}
{"level":"info","message":"Server is running on port 5321","service":"user-service"}
{"level":"info","message":"Server is running on port 5321","service":"user-service"}
{"level":"info","message":"Database connection established","service":"user-service"}
{"level":"info","message":"Server is running on port 5321","service":"user-service"}
{"level":"info","message":"Database connection established","service":"user-service"}
{"level":"info","message":"Server is running on port 5321","service":"user-service"}
{"level":"info","message":"Database connection established","service":"user-service"}
{"level":"info","message":"Server is running on port 5321","service":"user-service"}
{"level":"info","message":"Database connection established","service":"user-service"}
{"level":"info","message":"/api/user/login","service":"user-service"}
{"level":"info","message":"CORS error handled","service":"user-service"}
{"code":203,"level":"error","service":"user-service"}
{"level":"info","message":"/api/user/login","service":"user-service"}
{"level":"info","message":"CORS error handled","service":"user-service"}
{"level":"info","message":"Server is running on port 5321","service":"user-service"}
{"level":"info","message":"Database connection established","service":"user-service"}
{"level":"info","message":"Server is running on port 5321","service":"user-service"}
{"level":"info","message":"Server is running on port 5321","service":"user-service"}
{"level":"info","message":"Database connection established","service":"user-service"}
{"level":"info","message":"/api/user/login","service":"user-service"}
{"level":"info","message":"CORS error handled","service":"user-service"}
{"level":"info","message":"/api/user/login","service":"user-service"}
{"level":"info","message":"CORS error handled","service":"user-service"}
{"level":"info","message":"/api/user/login","service":"user-service"}
{"level":"info","message":"CORS error handled","service":"user-service"}
{"level":"info","message":"Server is running on port 5321","service":"user-service"}
{"level":"info","message":"Database connection established","service":"user-service"}
{"level":"info","message":"Server is running on port 5321","service":"user-service"}
{"level":"info","message":"Server is running on port 5321","service":"user-service"}
{"level":"info","message":"Database connection established","service":"user-service"}
{"level":"info","message":"Server is running on port 5321","service":"user-service"}
{"level":"info","message":"Database connection established","service":"user-service"}
{"level":"info","message":"/api/user/login","service":"user-service"}
{"level":"info","message":"CORS error handled","service":"user-service"}
{"level":"info","message":"/api/user/login","service":"user-service"}
{"level":"info","message":"CORS error handled","service":"user-service"}
